[2025-09-15 09:03:16] ERROR: Failed to send to proj-node-ecommerce-app - session does not exist
[2025-09-15 09:04:13] ERROR: Failed to send to proj-node-ecommerce-app - window does not exist
[2025-09-15 09:05:09] ERROR: Failed to send to proj-node-ecommerce-app - window does not exist
[2025-09-15 09:06:07] ERROR: Failed to send to proj-node-ecommerce-app - window does not exist
[2025-09-15 09:07:04] ERROR: Failed to send to proj-node-ecommerce-app - window does not exist
[2025-09-15 09:07:30] ERROR: Failed to send to pm-python-ml-pipeline - window does not exist
[2025-09-15 09:07:34] ERROR: Failed to send to pm-node-ecommerce-app - window does not exist
[2025-09-15 09:07:37] ERROR: Failed to send to pm-python-ml-pipeline - window does not exist
[2025-09-15 09:07:41] ERROR: Failed to send to pm-node-ecommerce-app - window does not exist
[2025-09-15 09:08:00] ERROR: Failed to send to proj-node-ecommerce-app - window does not exist
[2025-09-15 09:08:54] ERROR: Failed to send to pm-python-ml-pipeline - window does not exist
[2025-09-15 09:08:57] ERROR: Failed to send to proj-node-ecommerce-app - window does not exist
[2025-09-15 09:08:59] ERROR: Failed to send to pm-node-ecommerce-app - window does not exist
[2025-09-15 09:09:34] SENDING to pm-python-ml-pipeline:0: DEVOPS REPORT: Deployment=3/4, Health=GOOD, Cycle=1
[2025-09-15 09:09:34] SENDING to pm-node-ecommerce-app:0: DEVOPS REPORT: Deployment=2/4, Health=GOOD, Cycle=1
[2025-09-15 09:09:34] SUCCESS: Message sent to pm-python-ml-pipeline:0
[2025-09-15 09:09:34] SUCCESS: Message sent to pm-node-ecommerce-app:0
[2025-09-15 09:09:53] ERROR: Failed to send to proj-node-ecommerce-app - window does not exist
[2025-09-15 09:10:50] ERROR: Failed to send to proj-node-ecommerce-app - window does not exist
[2025-09-15 09:11:26] SENDING to pm-node-ecommerce-app:0: DEVOPS REPORT: Deployment=2/4, Health=GOOD, Cycle=2
[2025-09-15 09:11:26] SENDING to pm-python-ml-pipeline:0: DEVOPS REPORT: Deployment=3/4, Health=GOOD, Cycle=2
[2025-09-15 09:11:27] SUCCESS: Message sent to pm-node-ecommerce-app:0
[2025-09-15 09:11:27] SUCCESS: Message sent to pm-python-ml-pipeline:0
[2025-09-15 09:11:46] ERROR: Failed to send to proj-node-ecommerce-app - window does not exist
[2025-09-15 09:12:43] ERROR: Failed to send to proj-node-ecommerce-app - window does not exist
[2025-09-15 09:13:19] SENDING to pm-node-ecommerce-app:0: DEVOPS REPORT: Deployment=2/4, Health=GOOD, Cycle=3
[2025-09-15 09:13:19] SENDING to pm-python-ml-pipeline:0: DEVOPS REPORT: Deployment=3/4, Health=GOOD, Cycle=3
[2025-09-15 09:13:20] SUCCESS: Message sent to pm-node-ecommerce-app:0
[2025-09-15 09:13:20] SUCCESS: Message sent to pm-python-ml-pipeline:0
[2025-09-15 09:13:41] ERROR: Failed to send to proj-node-ecommerce-app - window does not exist
[2025-09-15 09:14:37] ERROR: Failed to send to proj-node-ecommerce-app - window does not exist
[2025-09-15 09:15:14] SENDING to pm-python-ml-pipeline:0: DEVOPS REPORT: Deployment=3/4, Health=GOOD, Cycle=4
[2025-09-15 09:15:14] SENDING to pm-node-ecommerce-app:0: DEVOPS REPORT: Deployment=2/4, Health=GOOD, Cycle=4
[2025-09-15 09:15:13] SUCCESS: Message sent to pm-node-ecommerce-app:0
[2025-09-15 09:15:13] SUCCESS: Message sent to pm-python-ml-pipeline:0
[2025-09-15 09:15:34] ERROR: Failed to send to proj-node-ecommerce-app - window does not exist
[2025-09-15 09:16:30] ERROR: Failed to send to proj-node-ecommerce-app - window does not exist
[2025-09-15 09:17:07] SENDING to pm-node-ecommerce-app:0: DEVOPS REPORT: Deployment=2/4, Health=GOOD, Cycle=5
[2025-09-15 09:17:07] SENDING to pm-python-ml-pipeline:0: DEVOPS REPORT: Deployment=3/4, Health=GOOD, Cycle=5
[2025-09-15 09:17:07] SUCCESS: Message sent to pm-python-ml-pipeline:0
[2025-09-15 09:17:07] SUCCESS: Message sent to pm-node-ecommerce-app:0
[2025-09-15 09:17:26] ERROR: Failed to send to proj-node-ecommerce-app - window does not exist
[2025-09-15 09:18:23] ERROR: Failed to send to proj-node-ecommerce-app - window does not exist
[2025-09-15 09:19:00] SENDING to pm-node-ecommerce-app:0: DEVOPS REPORT: Deployment=2/4, Health=GOOD, Cycle=6
[2025-09-15 09:19:00] SENDING to pm-python-ml-pipeline:0: DEVOPS REPORT: Deployment=3/4, Health=GOOD, Cycle=6
[2025-09-15 09:19:00] SUCCESS: Message sent to pm-node-ecommerce-app:0
[2025-09-15 09:19:01] SUCCESS: Message sent to pm-python-ml-pipeline:0
[2025-09-15 09:19:19] ERROR: Failed to send to proj-node-ecommerce-app - window does not exist
[2025-09-15 09:20:15] ERROR: Failed to send to proj-node-ecommerce-app - window does not exist
[2025-09-15 09:20:53] SENDING to pm-node-ecommerce-app:0: DEVOPS REPORT: Deployment=2/4, Health=GOOD, Cycle=7
[2025-09-15 09:20:53] SENDING to pm-python-ml-pipeline:0: DEVOPS REPORT: Deployment=3/4, Health=GOOD, Cycle=7
[2025-09-15 09:20:53] SUCCESS: Message sent to pm-node-ecommerce-app:0
[2025-09-15 09:20:53] SUCCESS: Message sent to pm-python-ml-pipeline:0
[2025-09-15 09:21:14] ERROR: Failed to send to proj-node-ecommerce-app - window does not exist
[2025-09-15 09:22:10] ERROR: Failed to send to proj-node-ecommerce-app - window does not exist
[2025-09-15 09:22:47] SENDING to pm-node-ecommerce-app:0: DEVOPS REPORT: Deployment=2/4, Health=GOOD, Cycle=8
[2025-09-15 09:22:48] SENDING to pm-python-ml-pipeline:0: DEVOPS REPORT: Deployment=3/4, Health=GOOD, Cycle=8
[2025-09-15 09:22:48] SUCCESS: Message sent to pm-node-ecommerce-app:0
[2025-09-15 09:22:48] SUCCESS: Message sent to pm-python-ml-pipeline:0
[2025-09-15 09:23:06] ERROR: Failed to send to proj-node-ecommerce-app - window does not exist
[2025-09-15 09:24:03] ERROR: Failed to send to proj-node-ecommerce-app - window does not exist
[2025-09-15 09:24:40] SENDING to pm-node-ecommerce-app:0: DEVOPS REPORT: Deployment=2/4, Health=GOOD, Cycle=9
[2025-09-15 09:24:40] SENDING to pm-python-ml-pipeline:0: DEVOPS REPORT: Deployment=3/4, Health=GOOD, Cycle=9
[2025-09-15 09:24:41] SUCCESS: Message sent to pm-node-ecommerce-app:0
[2025-09-15 09:24:41] SUCCESS: Message sent to pm-python-ml-pipeline:0
[2025-09-15 09:24:59] ERROR: Failed to send to proj-node-ecommerce-app - window does not exist
[2025-09-15 09:25:56] ERROR: Failed to send to proj-node-ecommerce-app - window does not exist
[2025-09-15 09:26:33] SENDING to pm-node-ecommerce-app:0: DEVOPS REPORT: Deployment=2/4, Health=GOOD, Cycle=10
[2025-09-15 09:26:33] SENDING to pm-python-ml-pipeline:0: DEVOPS REPORT: Deployment=3/4, Health=GOOD, Cycle=10
[2025-09-15 09:26:33] SUCCESS: Message sent to pm-node-ecommerce-app:0
[2025-09-15 09:26:34] SUCCESS: Message sent to pm-python-ml-pipeline:0
[2025-09-15 09:26:52] ERROR: Failed to send to proj-node-ecommerce-app - window does not exist
[2025-09-15 09:27:50] ERROR: Failed to send to proj-node-ecommerce-app - window does not exist
[2025-09-15 09:28:26] SENDING to pm-node-ecommerce-app:0: DEVOPS REPORT: Deployment=2/4, Health=GOOD, Cycle=11
[2025-09-15 09:28:26] SENDING to pm-python-ml-pipeline:0: DEVOPS REPORT: Deployment=3/4, Health=GOOD, Cycle=11
[2025-09-15 09:28:26] SUCCESS: Message sent to pm-node-ecommerce-app:0
[2025-09-15 09:28:26] SUCCESS: Message sent to pm-python-ml-pipeline:0
[2025-09-15 09:28:47] ERROR: Failed to send to proj-node-ecommerce-app - window does not exist
[2025-09-15 09:29:43] ERROR: Failed to send to proj-node-ecommerce-app - window does not exist
[2025-09-15 09:30:20] SENDING to pm-node-ecommerce-app:0: DEVOPS REPORT: Deployment=2/4, Health=GOOD, Cycle=12
[2025-09-15 09:30:21] SENDING to pm-python-ml-pipeline:0: DEVOPS REPORT: Deployment=3/4, Health=GOOD, Cycle=12
[2025-09-15 09:30:21] SUCCESS: Message sent to pm-node-ecommerce-app:0
[2025-09-15 09:30:21] SUCCESS: Message sent to pm-python-ml-pipeline:0
[2025-09-15 09:30:39] ERROR: Failed to send to proj-node-ecommerce-app - window does not exist
[2025-09-15 09:31:36] ERROR: Failed to send to proj-node-ecommerce-app - window does not exist
[2025-09-15 09:32:13] SENDING to pm-node-ecommerce-app:0: DEVOPS REPORT: Deployment=2/4, Health=GOOD, Cycle=13
[2025-09-15 09:32:14] SENDING to pm-python-ml-pipeline:0: DEVOPS REPORT: Deployment=3/4, Health=GOOD, Cycle=13
[2025-09-15 09:32:14] SUCCESS: Message sent to pm-node-ecommerce-app:0
[2025-09-15 09:32:14] SUCCESS: Message sent to pm-python-ml-pipeline:0
[2025-09-15 09:32:32] ERROR: Failed to send to proj-node-ecommerce-app - window does not exist
[2025-09-15 09:33:29] ERROR: Failed to send to proj-node-ecommerce-app - window does not exist
[2025-09-15 09:34:06] SENDING to pm-node-ecommerce-app:0: DEVOPS REPORT: Deployment=2/4, Health=GOOD, Cycle=14
[2025-09-15 09:34:06] SENDING to pm-python-ml-pipeline:0: DEVOPS REPORT: Deployment=3/4, Health=GOOD, Cycle=14
[2025-09-15 09:34:07] SUCCESS: Message sent to pm-node-ecommerce-app:0
[2025-09-15 09:34:07] SUCCESS: Message sent to pm-python-ml-pipeline:0
[2025-09-15 09:34:25] ERROR: Failed to send to proj-node-ecommerce-app - window does not exist
[2025-09-15 09:35:23] ERROR: Failed to send to proj-node-ecommerce-app - window does not exist
[2025-09-15 09:35:59] SENDING to pm-node-ecommerce-app:0: DEVOPS REPORT: Deployment=2/4, Health=GOOD, Cycle=15
[2025-09-15 09:35:59] SENDING to pm-python-ml-pipeline:0: DEVOPS REPORT: Deployment=3/4, Health=GOOD, Cycle=15
[2025-09-15 09:36:00] SUCCESS: Message sent to pm-node-ecommerce-app:0
[2025-09-15 09:36:00] SUCCESS: Message sent to pm-python-ml-pipeline:0
[2025-09-15 09:36:20] ERROR: Failed to send to proj-node-ecommerce-app - window does not exist
[2025-09-15 09:37:16] ERROR: Failed to send to proj-node-ecommerce-app - window does not exist
[2025-09-15 09:37:54] SENDING to pm-node-ecommerce-app:0: DEVOPS REPORT: Deployment=2/4, Health=GOOD, Cycle=16
[2025-09-15 09:37:54] SENDING to pm-python-ml-pipeline:0: DEVOPS REPORT: Deployment=3/4, Health=GOOD, Cycle=16
[2025-09-15 09:37:54] SUCCESS: Message sent to pm-node-ecommerce-app:0
[2025-09-15 09:37:55] SUCCESS: Message sent to pm-python-ml-pipeline:0
[2025-09-15 09:38:13] ERROR: Failed to send to proj-node-ecommerce-app - window does not exist
[2025-09-15 09:39:09] ERROR: Failed to send to proj-node-ecommerce-app - window does not exist
[2025-09-15 09:39:47] SENDING to pm-node-ecommerce-app:0: DEVOPS REPORT: Deployment=2/4, Health=GOOD, Cycle=17
[2025-09-15 09:39:47] SENDING to pm-python-ml-pipeline:0: DEVOPS REPORT: Deployment=3/4, Health=GOOD, Cycle=17
[2025-09-15 09:39:47] SUCCESS: Message sent to pm-python-ml-pipeline:0
[2025-09-15 09:39:47] SUCCESS: Message sent to pm-node-ecommerce-app:0
[2025-09-15 09:40:06] ERROR: Failed to send to proj-node-ecommerce-app - window does not exist
[2025-09-15 09:41:02] ERROR: Failed to send to proj-node-ecommerce-app - window does not exist
[2025-09-15 09:41:40] SENDING to pm-python-ml-pipeline:0: DEVOPS REPORT: Deployment=3/4, Health=GOOD, Cycle=18
[2025-09-15 09:41:40] SENDING to pm-node-ecommerce-app:0: DEVOPS REPORT: Deployment=2/4, Health=GOOD, Cycle=18
[2025-09-15 09:41:40] SUCCESS: Message sent to pm-python-ml-pipeline:0
[2025-09-15 09:41:40] SUCCESS: Message sent to pm-node-ecommerce-app:0
[2025-09-15 09:42:01] ERROR: Failed to send to proj-node-ecommerce-app - window does not exist
[2025-09-15 09:42:57] ERROR: Failed to send to proj-node-ecommerce-app - window does not exist
[2025-09-15 09:43:33] SENDING to pm-python-ml-pipeline:0: DEVOPS REPORT: Deployment=3/4, Health=GOOD, Cycle=19
[2025-09-15 09:43:33] SENDING to pm-node-ecommerce-app:0: DEVOPS REPORT: Deployment=2/4, Health=GOOD, Cycle=19
[2025-09-15 09:43:33] SUCCESS: Message sent to pm-python-ml-pipeline:0
[2025-09-15 09:43:33] SUCCESS: Message sent to pm-node-ecommerce-app:0
[2025-09-15 09:43:53] ERROR: Failed to send to proj-node-ecommerce-app - window does not exist
[2025-09-15 09:44:50] ERROR: Failed to send to proj-node-ecommerce-app - window does not exist
[2025-09-15 09:45:28] SENDING to pm-python-ml-pipeline:0: DEVOPS REPORT: Deployment=3/4, Health=GOOD, Cycle=20
[2025-09-15 09:45:28] SENDING to pm-node-ecommerce-app:0: DEVOPS REPORT: Deployment=2/4, Health=GOOD, Cycle=20
[2025-09-15 09:45:28] SUCCESS: Message sent to pm-python-ml-pipeline:0
[2025-09-15 09:45:28] SUCCESS: Message sent to pm-node-ecommerce-app:0
[2025-09-15 09:45:46] ERROR: Failed to send to proj-node-ecommerce-app - window does not exist
[2025-09-15 09:46:43] ERROR: Failed to send to proj-node-ecommerce-app - window does not exist
[2025-09-15 09:47:21] SENDING to pm-python-ml-pipeline:0: DEVOPS REPORT: Deployment=3/4, Health=GOOD, Cycle=21
[2025-09-15 09:47:21] SENDING to pm-node-ecommerce-app:0: DEVOPS REPORT: Deployment=2/4, Health=GOOD, Cycle=21
[2025-09-15 09:47:21] SUCCESS: Message sent to pm-python-ml-pipeline:0
[2025-09-15 09:47:21] SUCCESS: Message sent to pm-node-ecommerce-app:0
[2025-09-15 09:47:39] ERROR: Failed to send to proj-node-ecommerce-app - window does not exist
[2025-09-15 09:48:36] ERROR: Failed to send to proj-node-ecommerce-app - window does not exist
[2025-09-15 09:49:14] SENDING to pm-python-ml-pipeline:0: DEVOPS REPORT: Deployment=3/4, Health=GOOD, Cycle=22
[2025-09-15 09:49:14] SENDING to pm-node-ecommerce-app:0: DEVOPS REPORT: Deployment=2/4, Health=GOOD, Cycle=22
[2025-09-15 09:49:14] SUCCESS: Message sent to pm-node-ecommerce-app:0
[2025-09-15 09:49:14] SUCCESS: Message sent to pm-python-ml-pipeline:0
[2025-09-15 09:49:34] ERROR: Failed to send to proj-node-ecommerce-app - window does not exist
[2025-09-15 09:50:31] ERROR: Failed to send to proj-node-ecommerce-app - window does not exist
[2025-09-15 09:51:07] SENDING to pm-node-ecommerce-app:0: DEVOPS REPORT: Deployment=2/4, Health=GOOD, Cycle=23
[2025-09-15 09:51:07] SENDING to pm-python-ml-pipeline:0: DEVOPS REPORT: Deployment=3/4, Health=GOOD, Cycle=23
[2025-09-15 09:51:07] SUCCESS: Message sent to pm-node-ecommerce-app:0
[2025-09-15 09:51:07] SUCCESS: Message sent to pm-python-ml-pipeline:0
[2025-09-15 09:51:27] ERROR: Failed to send to proj-node-ecommerce-app - window does not exist
[2025-09-15 09:52:24] ERROR: Failed to send to proj-node-ecommerce-app - window does not exist
[2025-09-15 09:53:02] SENDING to pm-python-ml-pipeline:0: DEVOPS REPORT: Deployment=3/4, Health=GOOD, Cycle=24
[2025-09-15 09:53:02] SENDING to pm-node-ecommerce-app:0: DEVOPS REPORT: Deployment=2/4, Health=GOOD, Cycle=24
[2025-09-15 09:53:02] SUCCESS: Message sent to pm-python-ml-pipeline:0
[2025-09-15 09:53:02] SUCCESS: Message sent to pm-node-ecommerce-app:0
[2025-09-15 09:53:20] ERROR: Failed to send to proj-node-ecommerce-app - window does not exist
[2025-09-15 09:54:17] ERROR: Failed to send to proj-node-ecommerce-app - window does not exist
[2025-09-15 09:54:55] SENDING to pm-node-ecommerce-app:0: DEVOPS REPORT: Deployment=2/4, Health=GOOD, Cycle=25
[2025-09-15 09:54:55] SENDING to pm-python-ml-pipeline:0: DEVOPS REPORT: Deployment=3/4, Health=GOOD, Cycle=25
[2025-09-15 09:54:55] SUCCESS: Message sent to pm-node-ecommerce-app:0
[2025-09-15 09:54:56] SUCCESS: Message sent to pm-python-ml-pipeline:0
[2025-09-15 09:55:13] ERROR: Failed to send to proj-node-ecommerce-app - window does not exist
[2025-09-15 09:56:10] ERROR: Failed to send to proj-node-ecommerce-app - window does not exist
[2025-09-15 09:56:48] SENDING to pm-node-ecommerce-app:0: DEVOPS REPORT: Deployment=2/4, Health=GOOD, Cycle=26
[2025-09-15 09:56:48] SENDING to pm-python-ml-pipeline:0: DEVOPS REPORT: Deployment=3/4, Health=GOOD, Cycle=26
[2025-09-15 09:56:49] SUCCESS: Message sent to pm-node-ecommerce-app:0
[2025-09-15 09:56:49] SUCCESS: Message sent to pm-python-ml-pipeline:0
[2025-09-15 09:57:08] ERROR: Failed to send to proj-node-ecommerce-app - window does not exist
[2025-09-15 09:58:05] ERROR: Failed to send to proj-node-ecommerce-app - window does not exist
[2025-09-15 09:58:43] SENDING to pm-node-ecommerce-app:0: DEVOPS REPORT: Deployment=2/4, Health=GOOD, Cycle=27
[2025-09-15 09:58:43] SENDING to pm-python-ml-pipeline:0: DEVOPS REPORT: Deployment=3/4, Health=GOOD, Cycle=27
[2025-09-15 09:58:44] SUCCESS: Message sent to pm-node-ecommerce-app:0
[2025-09-15 09:58:42] SUCCESS: Message sent to pm-python-ml-pipeline:0
[2025-09-15 09:59:02] ERROR: Failed to send to proj-node-ecommerce-app - window does not exist
[2025-09-15 09:59:58] ERROR: Failed to send to proj-node-ecommerce-app - window does not exist
[2025-09-15 10:00:36] SENDING to pm-node-ecommerce-app:0: DEVOPS REPORT: Deployment=2/4, Health=GOOD, Cycle=28
[2025-09-15 10:00:37] SENDING to pm-python-ml-pipeline:0: DEVOPS REPORT: Deployment=3/4, Health=GOOD, Cycle=28
[2025-09-15 10:00:37] SUCCESS: Message sent to pm-node-ecommerce-app:0
[2025-09-15 10:00:37] SUCCESS: Message sent to pm-python-ml-pipeline:0
[2025-09-15 10:00:55] ERROR: Failed to send to proj-node-ecommerce-app - window does not exist
[2025-09-15 10:01:51] ERROR: Failed to send to proj-node-ecommerce-app - window does not exist
[2025-09-15 10:02:30] SENDING to pm-node-ecommerce-app:0: DEVOPS REPORT: Deployment=2/4, Health=GOOD, Cycle=29
[2025-09-15 10:02:30] SENDING to pm-python-ml-pipeline:0: DEVOPS REPORT: Deployment=3/4, Health=GOOD, Cycle=29
[2025-09-15 10:02:30] SUCCESS: Message sent to pm-node-ecommerce-app:0
[2025-09-15 10:02:30] SUCCESS: Message sent to pm-python-ml-pipeline:0
[2025-09-15 10:02:48] ERROR: Failed to send to proj-node-ecommerce-app - window does not exist
[2025-09-15 10:03:46] ERROR: Failed to send to proj-node-ecommerce-app - window does not exist
[2025-09-15 10:04:23] SENDING to pm-node-ecommerce-app:0: DEVOPS REPORT: Deployment=2/4, Health=GOOD, Cycle=30
[2025-09-15 10:04:23] SENDING to pm-python-ml-pipeline:0: DEVOPS REPORT: Deployment=3/4, Health=GOOD, Cycle=30
[2025-09-15 10:04:24] SUCCESS: Message sent to pm-node-ecommerce-app:0
[2025-09-15 10:04:24] SUCCESS: Message sent to pm-python-ml-pipeline:0
[2025-09-15 10:04:43] ERROR: Failed to send to proj-node-ecommerce-app - window does not exist
[2025-09-15 10:05:40] ERROR: Failed to send to proj-node-ecommerce-app - window does not exist
[2025-09-15 10:06:18] SENDING to pm-node-ecommerce-app:0: DEVOPS REPORT: Deployment=2/4, Health=GOOD, Cycle=31
[2025-09-15 10:06:18] SENDING to pm-python-ml-pipeline:0: DEVOPS REPORT: Deployment=3/4, Health=GOOD, Cycle=31
[2025-09-15 10:06:19] SUCCESS: Message sent to pm-node-ecommerce-app:0
[2025-09-15 10:06:19] SUCCESS: Message sent to pm-python-ml-pipeline:0
[2025-09-15 10:06:36] ERROR: Failed to send to proj-node-ecommerce-app - window does not exist
[2025-09-15 10:07:33] ERROR: Failed to send to proj-node-ecommerce-app - window does not exist
[2025-09-15 10:08:12] SENDING to pm-node-ecommerce-app:0: DEVOPS REPORT: Deployment=2/4, Health=GOOD, Cycle=32
[2025-09-15 10:08:12] SENDING to pm-python-ml-pipeline:0: DEVOPS REPORT: Deployment=3/4, Health=GOOD, Cycle=32
[2025-09-15 10:08:12] SUCCESS: Message sent to pm-node-ecommerce-app:0
[2025-09-15 10:08:12] SUCCESS: Message sent to pm-python-ml-pipeline:0
[2025-09-15 10:08:30] ERROR: Failed to send to proj-node-ecommerce-app - window does not exist
[2025-09-15 10:09:26] ERROR: Failed to send to proj-node-ecommerce-app - window does not exist
[2025-09-15 10:10:05] SENDING to pm-node-ecommerce-app:0: DEVOPS REPORT: Deployment=2/4, Health=GOOD, Cycle=33
[2025-09-15 10:10:05] SENDING to pm-python-ml-pipeline:0: DEVOPS REPORT: Deployment=3/4, Health=GOOD, Cycle=33
[2025-09-15 10:10:05] SUCCESS: Message sent to pm-node-ecommerce-app:0
[2025-09-15 10:10:05] SUCCESS: Message sent to pm-python-ml-pipeline:0
[2025-09-15 10:10:23] ERROR: Failed to send to proj-node-ecommerce-app - window does not exist
[2025-09-15 10:11:21] ERROR: Failed to send to proj-node-ecommerce-app - window does not exist
[2025-09-15 10:11:58] SENDING to pm-node-ecommerce-app:0: DEVOPS REPORT: Deployment=2/4, Health=GOOD, Cycle=34
[2025-09-15 10:11:58] SENDING to pm-python-ml-pipeline:0: DEVOPS REPORT: Deployment=3/4, Health=GOOD, Cycle=34
[2025-09-15 10:11:59] SUCCESS: Message sent to pm-node-ecommerce-app:0
[2025-09-15 10:11:59] SUCCESS: Message sent to pm-python-ml-pipeline:0
[2025-09-15 10:12:18] ERROR: Failed to send to proj-node-ecommerce-app - window does not exist
[2025-09-15 10:13:15] ERROR: Failed to send to proj-node-ecommerce-app - window does not exist
[2025-09-15 10:13:54] SENDING to pm-node-ecommerce-app:0: DEVOPS REPORT: Deployment=2/4, Health=GOOD, Cycle=35
[2025-09-15 10:13:54] SENDING to pm-python-ml-pipeline:0: DEVOPS REPORT: Deployment=3/4, Health=GOOD, Cycle=35
[2025-09-15 10:13:54] SUCCESS: Message sent to pm-node-ecommerce-app:0
[2025-09-15 10:13:54] SUCCESS: Message sent to pm-python-ml-pipeline:0
[2025-09-15 10:14:11] ERROR: Failed to send to proj-node-ecommerce-app - window does not exist
[2025-09-15 10:15:08] ERROR: Failed to send to proj-node-ecommerce-app - window does not exist
[2025-09-15 10:15:47] SENDING to pm-node-ecommerce-app:0: DEVOPS REPORT: Deployment=2/4, Health=GOOD, Cycle=36
[2025-09-15 10:15:47] SENDING to pm-python-ml-pipeline:0: DEVOPS REPORT: Deployment=3/4, Health=GOOD, Cycle=36
[2025-09-15 10:15:47] SUCCESS: Message sent to pm-node-ecommerce-app:0
[2025-09-15 10:15:47] SUCCESS: Message sent to pm-python-ml-pipeline:0
[2025-09-15 10:16:05] ERROR: Failed to send to proj-node-ecommerce-app - window does not exist
[2025-09-15 10:17:01] ERROR: Failed to send to proj-node-ecommerce-app - window does not exist
[2025-09-15 10:17:40] SENDING to pm-python-ml-pipeline:0: DEVOPS REPORT: Deployment=3/4, Health=GOOD, Cycle=37
[2025-09-15 10:17:40] SENDING to pm-node-ecommerce-app:0: DEVOPS REPORT: Deployment=2/4, Health=GOOD, Cycle=37
[2025-09-15 10:17:41] SUCCESS: Message sent to pm-python-ml-pipeline:0
[2025-09-15 10:17:41] SUCCESS: Message sent to pm-node-ecommerce-app:0
[2025-09-15 10:18:00] ERROR: Failed to send to proj-node-ecommerce-app - window does not exist
[2025-09-15 10:18:57] ERROR: Failed to send to proj-node-ecommerce-app - window does not exist
[2025-09-15 10:19:34] SENDING to pm-python-ml-pipeline:0: DEVOPS REPORT: Deployment=3/4, Health=GOOD, Cycle=38
[2025-09-15 10:19:34] SENDING to pm-node-ecommerce-app:0: DEVOPS REPORT: Deployment=2/4, Health=GOOD, Cycle=38
[2025-09-15 10:19:34] SUCCESS: Message sent to pm-node-ecommerce-app:0
[2025-09-15 10:19:34] SUCCESS: Message sent to pm-python-ml-pipeline:0
[2025-09-15 10:19:53] ERROR: Failed to send to proj-node-ecommerce-app - window does not exist
[2025-09-15 10:20:50] ERROR: Failed to send to proj-node-ecommerce-app - window does not exist
[2025-09-15 10:21:29] SENDING to pm-node-ecommerce-app:0: DEVOPS REPORT: Deployment=2/4, Health=GOOD, Cycle=39
[2025-09-15 10:21:29] SENDING to pm-python-ml-pipeline:0: DEVOPS REPORT: Deployment=3/4, Health=GOOD, Cycle=39
[2025-09-15 10:21:30] SUCCESS: Message sent to pm-node-ecommerce-app:0
[2025-09-15 10:21:30] SUCCESS: Message sent to pm-python-ml-pipeline:0
[2025-09-15 10:21:47] ERROR: Failed to send to proj-node-ecommerce-app - window does not exist
[2025-09-15 10:22:44] ERROR: Failed to send to proj-node-ecommerce-app - window does not exist
[2025-09-15 10:23:23] SENDING to pm-node-ecommerce-app:0: DEVOPS REPORT: Deployment=2/4, Health=GOOD, Cycle=40
[2025-09-15 10:23:23] SENDING to pm-python-ml-pipeline:0: DEVOPS REPORT: Deployment=3/4, Health=GOOD, Cycle=40
[2025-09-15 10:23:23] SUCCESS: Message sent to pm-node-ecommerce-app:0
[2025-09-15 10:23:23] SUCCESS: Message sent to pm-python-ml-pipeline:0
[2025-09-15 10:23:40] ERROR: Failed to send to proj-node-ecommerce-app - window does not exist
[2025-09-15 10:24:37] ERROR: Failed to send to proj-node-ecommerce-app - window does not exist
[2025-09-15 10:25:16] SENDING to pm-python-ml-pipeline:0: DEVOPS REPORT: Deployment=3/4, Health=GOOD, Cycle=41
[2025-09-15 10:25:16] SENDING to pm-node-ecommerce-app:0: DEVOPS REPORT: Deployment=2/4, Health=GOOD, Cycle=41
[2025-09-15 10:25:17] SUCCESS: Message sent to pm-python-ml-pipeline:0
[2025-09-15 10:25:17] SUCCESS: Message sent to pm-node-ecommerce-app:0
[2025-09-15 10:25:36] ERROR: Failed to send to proj-node-ecommerce-app - window does not exist
[2025-09-15 10:26:33] ERROR: Failed to send to proj-node-ecommerce-app - window does not exist
[2025-09-15 10:27:10] SENDING to pm-python-ml-pipeline:0: DEVOPS REPORT: Deployment=3/4, Health=GOOD, Cycle=42
[2025-09-15 10:27:10] SENDING to pm-node-ecommerce-app:0: DEVOPS REPORT: Deployment=2/4, Health=GOOD, Cycle=42
[2025-09-15 10:27:11] SUCCESS: Message sent to pm-python-ml-pipeline:0
[2025-09-15 10:27:11] SUCCESS: Message sent to pm-node-ecommerce-app:0
[2025-09-15 10:27:29] ERROR: Failed to send to proj-node-ecommerce-app - window does not exist
[2025-09-15 10:28:26] ERROR: Failed to send to proj-node-ecommerce-app - window does not exist
[2025-09-15 10:29:05] SENDING to pm-python-ml-pipeline:0: DEVOPS REPORT: Deployment=3/4, Health=GOOD, Cycle=43
[2025-09-15 10:29:06] SENDING to pm-node-ecommerce-app:0: DEVOPS REPORT: Deployment=2/4, Health=GOOD, Cycle=43
[2025-09-15 10:29:06] SUCCESS: Message sent to pm-python-ml-pipeline:0
[2025-09-15 10:29:06] SUCCESS: Message sent to pm-node-ecommerce-app:0
[2025-09-15 10:29:23] ERROR: Failed to send to proj-node-ecommerce-app - window does not exist
[2025-09-15 10:30:20] ERROR: Failed to send to proj-node-ecommerce-app - window does not exist
[2025-09-15 10:30:59] SENDING to pm-python-ml-pipeline:0: DEVOPS REPORT: Deployment=3/4, Health=GOOD, Cycle=44
[2025-09-15 10:30:59] SENDING to pm-node-ecommerce-app:0: DEVOPS REPORT: Deployment=2/4, Health=GOOD, Cycle=44
[2025-09-15 10:31:00] SUCCESS: Message sent to pm-python-ml-pipeline:0
[2025-09-15 10:31:00] SUCCESS: Message sent to pm-node-ecommerce-app:0
[2025-09-15 10:31:17] ERROR: Failed to send to proj-node-ecommerce-app - window does not exist
[2025-09-15 10:32:14] ERROR: Failed to send to proj-node-ecommerce-app - window does not exist
[2025-09-15 10:32:53] SENDING to pm-python-ml-pipeline:0: DEVOPS REPORT: Deployment=3/4, Health=GOOD, Cycle=45
[2025-09-15 10:32:53] SENDING to pm-node-ecommerce-app:0: DEVOPS REPORT: Deployment=2/4, Health=GOOD, Cycle=45
[2025-09-15 10:32:54] SUCCESS: Message sent to pm-python-ml-pipeline:0
[2025-09-15 10:32:54] SUCCESS: Message sent to pm-node-ecommerce-app:0
[2025-09-15 10:33:12] ERROR: Failed to send to proj-node-ecommerce-app - window does not exist
[2025-09-15 10:34:09] ERROR: Failed to send to proj-node-ecommerce-app - window does not exist
[2025-09-15 10:34:47] SENDING to pm-python-ml-pipeline:0: DEVOPS REPORT: Deployment=3/4, Health=GOOD, Cycle=46
[2025-09-15 10:34:47] SENDING to pm-node-ecommerce-app:0: DEVOPS REPORT: Deployment=2/4, Health=GOOD, Cycle=46
[2025-09-15 10:34:47] SUCCESS: Message sent to pm-python-ml-pipeline:0
[2025-09-15 10:34:47] SUCCESS: Message sent to pm-node-ecommerce-app:0
[2025-09-15 10:35:06] ERROR: Failed to send to proj-node-ecommerce-app - window does not exist
[2025-09-15 10:36:03] ERROR: Failed to send to proj-node-ecommerce-app - window does not exist
[2025-09-15 10:36:42] SENDING to pm-python-ml-pipeline:0: DEVOPS REPORT: Deployment=3/4, Health=GOOD, Cycle=47
[2025-09-15 10:36:42] SENDING to pm-node-ecommerce-app:0: DEVOPS REPORT: Deployment=2/4, Health=GOOD, Cycle=47
[2025-09-15 10:36:43] SUCCESS: Message sent to pm-python-ml-pipeline:0
[2025-09-15 10:36:43] SUCCESS: Message sent to pm-node-ecommerce-app:0
[2025-09-15 10:37:00] ERROR: Failed to send to proj-node-ecommerce-app - window does not exist
[2025-09-15 10:37:57] ERROR: Failed to send to proj-node-ecommerce-app - window does not exist
[2025-09-15 10:38:36] SENDING to pm-python-ml-pipeline:0: DEVOPS REPORT: Deployment=3/4, Health=GOOD, Cycle=48
[2025-09-15 10:38:36] SENDING to pm-node-ecommerce-app:0: DEVOPS REPORT: Deployment=2/4, Health=GOOD, Cycle=48
[2025-09-15 10:38:37] SUCCESS: Message sent to pm-python-ml-pipeline:0
[2025-09-15 10:38:37] SUCCESS: Message sent to pm-node-ecommerce-app:0
[2025-09-15 10:38:54] ERROR: Failed to send to proj-node-ecommerce-app - window does not exist
[2025-09-15 10:39:53] ERROR: Failed to send to proj-node-ecommerce-app - window does not exist
[2025-09-15 10:40:31] SENDING to pm-python-ml-pipeline:0: DEVOPS REPORT: Deployment=3/4, Health=GOOD, Cycle=49
[2025-09-15 10:40:31] SENDING to pm-node-ecommerce-app:0: DEVOPS REPORT: Deployment=2/4, Health=GOOD, Cycle=49
[2025-09-15 10:40:31] SUCCESS: Message sent to pm-python-ml-pipeline:0
[2025-09-15 10:40:31] SUCCESS: Message sent to pm-node-ecommerce-app:0
[2025-09-15 10:40:50] ERROR: Failed to send to proj-node-ecommerce-app - window does not exist
[2025-09-15 10:41:47] ERROR: Failed to send to proj-node-ecommerce-app - window does not exist
[2025-09-15 10:42:27] SENDING to pm-python-ml-pipeline:0: DEVOPS REPORT: Deployment=3/4, Health=GOOD, Cycle=50
[2025-09-15 10:42:27] SENDING to pm-node-ecommerce-app:0: DEVOPS REPORT: Deployment=2/4, Health=GOOD, Cycle=50
[2025-09-15 10:42:27] SUCCESS: Message sent to pm-python-ml-pipeline:0
[2025-09-15 10:42:27] SUCCESS: Message sent to pm-node-ecommerce-app:0
[2025-09-15 10:42:44] ERROR: Failed to send to proj-node-ecommerce-app - window does not exist
[2025-09-15 10:43:41] ERROR: Failed to send to proj-node-ecommerce-app - window does not exist
[2025-09-15 10:44:21] SENDING to pm-python-ml-pipeline:0: DEVOPS REPORT: Deployment=3/4, Health=GOOD, Cycle=51
[2025-09-15 10:44:21] SENDING to pm-node-ecommerce-app:0: DEVOPS REPORT: Deployment=2/4, Health=GOOD, Cycle=51
[2025-09-15 10:44:21] SUCCESS: Message sent to pm-python-ml-pipeline:0
[2025-09-15 10:44:21] SUCCESS: Message sent to pm-node-ecommerce-app:0
[2025-09-15 10:44:38] ERROR: Failed to send to proj-node-ecommerce-app - window does not exist
[2025-09-15 10:45:35] ERROR: Failed to send to proj-node-ecommerce-app - window does not exist
[2025-09-15 10:46:15] SENDING to pm-node-ecommerce-app:0: DEVOPS REPORT: Deployment=2/4, Health=GOOD, Cycle=52
[2025-09-15 10:46:15] SENDING to pm-python-ml-pipeline:0: DEVOPS REPORT: Deployment=3/4, Health=GOOD, Cycle=52
[2025-09-15 10:46:16] SUCCESS: Message sent to pm-python-ml-pipeline:0
[2025-09-15 10:46:16] SUCCESS: Message sent to pm-node-ecommerce-app:0
[2025-09-15 10:46:33] ERROR: Failed to send to proj-node-ecommerce-app - window does not exist
[2025-09-15 10:47:31] ERROR: Failed to send to proj-node-ecommerce-app - window does not exist
[2025-09-15 10:48:09] SENDING to pm-node-ecommerce-app:0: DEVOPS REPORT: Deployment=2/4, Health=GOOD, Cycle=53
[2025-09-15 10:48:09] SENDING to pm-python-ml-pipeline:0: DEVOPS REPORT: Deployment=3/4, Health=GOOD, Cycle=53
[2025-09-15 10:48:10] SUCCESS: Message sent to pm-python-ml-pipeline:0
[2025-09-15 10:48:10] SUCCESS: Message sent to pm-node-ecommerce-app:0
[2025-09-15 10:48:28] ERROR: Failed to send to proj-node-ecommerce-app - window does not exist
[2025-09-15 10:49:26] ERROR: Failed to send to proj-node-ecommerce-app - window does not exist
[2025-09-15 10:50:05] SENDING to pm-python-ml-pipeline:0: DEVOPS REPORT: Deployment=3/4, Health=GOOD, Cycle=54
[2025-09-15 10:50:05] SENDING to pm-node-ecommerce-app:0: DEVOPS REPORT: Deployment=2/4, Health=GOOD, Cycle=54
[2025-09-15 10:50:06] SUCCESS: Message sent to pm-python-ml-pipeline:0
[2025-09-15 10:50:06] SUCCESS: Message sent to pm-node-ecommerce-app:0
[2025-09-15 10:50:23] ERROR: Failed to send to proj-node-ecommerce-app - window does not exist
[2025-09-15 10:51:20] ERROR: Failed to send to proj-node-ecommerce-app - window does not exist
[2025-09-15 10:52:00] SENDING to pm-node-ecommerce-app:0: DEVOPS REPORT: Deployment=2/4, Health=GOOD, Cycle=55
[2025-09-15 10:52:00] SENDING to pm-python-ml-pipeline:0: DEVOPS REPORT: Deployment=3/4, Health=GOOD, Cycle=55
[2025-09-15 10:52:00] SUCCESS: Message sent to pm-python-ml-pipeline:0
[2025-09-15 10:52:00] SUCCESS: Message sent to pm-node-ecommerce-app:0
[2025-09-15 10:52:17] ERROR: Failed to send to proj-node-ecommerce-app - window does not exist
[2025-09-15 10:53:14] ERROR: Failed to send to proj-node-ecommerce-app - window does not exist
[2025-09-15 10:53:54] SENDING to pm-node-ecommerce-app:0: DEVOPS REPORT: Deployment=2/4, Health=GOOD, Cycle=56
[2025-09-15 10:53:54] SENDING to pm-python-ml-pipeline:0: DEVOPS REPORT: Deployment=3/4, Health=GOOD, Cycle=56
[2025-09-15 10:53:55] SUCCESS: Message sent to pm-node-ecommerce-app:0
[2025-09-15 10:53:55] SUCCESS: Message sent to pm-python-ml-pipeline:0
[2025-09-15 10:54:13] ERROR: Failed to send to proj-node-ecommerce-app - window does not exist
[2025-09-15 10:55:10] ERROR: Failed to send to proj-node-ecommerce-app - window does not exist
[2025-09-15 10:55:49] SENDING to pm-node-ecommerce-app:0: DEVOPS REPORT: Deployment=2/4, Health=GOOD, Cycle=57
[2025-09-15 10:55:49] SENDING to pm-python-ml-pipeline:0: DEVOPS REPORT: Deployment=3/4, Health=GOOD, Cycle=57
[2025-09-15 10:55:49] SUCCESS: Message sent to pm-node-ecommerce-app:0
[2025-09-15 10:55:49] SUCCESS: Message sent to pm-python-ml-pipeline:0
[2025-09-15 10:56:08] ERROR: Failed to send to proj-node-ecommerce-app - window does not exist
[2025-09-15 10:57:05] ERROR: Failed to send to proj-node-ecommerce-app - window does not exist
[2025-09-15 10:57:45] SENDING to pm-node-ecommerce-app:0: DEVOPS REPORT: Deployment=2/4, Health=GOOD, Cycle=58
[2025-09-15 10:57:45] SENDING to pm-python-ml-pipeline:0: DEVOPS REPORT: Deployment=3/4, Health=GOOD, Cycle=58
[2025-09-15 10:57:45] SUCCESS: Message sent to pm-node-ecommerce-app:0
[2025-09-15 10:57:45] SUCCESS: Message sent to pm-python-ml-pipeline:0
[2025-09-15 10:58:02] ERROR: Failed to send to proj-node-ecommerce-app - window does not exist
[2025-09-15 10:59:00] ERROR: Failed to send to proj-node-ecommerce-app - window does not exist
[2025-09-15 10:59:40] SENDING to pm-node-ecommerce-app:0: DEVOPS REPORT: Deployment=2/4, Health=GOOD, Cycle=59
[2025-09-15 10:59:40] SENDING to pm-python-ml-pipeline:0: DEVOPS REPORT: Deployment=3/4, Health=GOOD, Cycle=59
[2025-09-15 10:59:40] SUCCESS: Message sent to pm-node-ecommerce-app:0
[2025-09-15 10:59:40] SUCCESS: Message sent to pm-python-ml-pipeline:0
[2025-09-15 10:59:57] ERROR: Failed to send to proj-node-ecommerce-app - window does not exist
[2025-09-15 11:00:54] ERROR: Failed to send to proj-node-ecommerce-app - window does not exist
[2025-09-15 11:01:34] SENDING to pm-node-ecommerce-app:0: DEVOPS REPORT: Deployment=2/4, Health=GOOD, Cycle=60
[2025-09-15 11:01:34] SENDING to pm-python-ml-pipeline:0: DEVOPS REPORT: Deployment=3/4, Health=GOOD, Cycle=60
[2025-09-15 11:01:35] SUCCESS: Message sent to pm-python-ml-pipeline:0
[2025-09-15 11:01:35] SUCCESS: Message sent to pm-node-ecommerce-app:0
[2025-09-15 11:01:53] ERROR: Failed to send to proj-node-ecommerce-app - window does not exist
[2025-09-15 11:02:51] ERROR: Failed to send to proj-node-ecommerce-app - window does not exist
[2025-09-15 11:03:29] SENDING to pm-python-ml-pipeline:0: DEVOPS REPORT: Deployment=3/4, Health=GOOD, Cycle=61
[2025-09-15 11:03:29] SENDING to pm-node-ecommerce-app:0: DEVOPS REPORT: Deployment=2/4, Health=GOOD, Cycle=61
[2025-09-15 11:03:30] SUCCESS: Message sent to pm-node-ecommerce-app:0
[2025-09-15 11:03:30] SUCCESS: Message sent to pm-python-ml-pipeline:0
[2025-09-15 11:03:48] ERROR: Failed to send to proj-node-ecommerce-app - window does not exist
[2025-09-15 11:04:45] ERROR: Failed to send to proj-node-ecommerce-app - window does not exist
[2025-09-15 11:05:25] SENDING to pm-node-ecommerce-app:0: DEVOPS REPORT: Deployment=2/4, Health=GOOD, Cycle=62
[2025-09-15 11:05:25] SENDING to pm-python-ml-pipeline:0: DEVOPS REPORT: Deployment=3/4, Health=GOOD, Cycle=62
[2025-09-15 11:05:26] SUCCESS: Message sent to pm-node-ecommerce-app:0
[2025-09-15 11:05:26] SUCCESS: Message sent to pm-python-ml-pipeline:0
[2025-09-15 11:05:43] ERROR: Failed to send to proj-node-ecommerce-app - window does not exist
[2025-09-15 11:06:40] ERROR: Failed to send to proj-node-ecommerce-app - window does not exist
[2025-09-15 11:07:20] SENDING to pm-python-ml-pipeline:0: DEVOPS REPORT: Deployment=3/4, Health=GOOD, Cycle=63
[2025-09-15 11:07:20] SENDING to pm-node-ecommerce-app:0: DEVOPS REPORT: Deployment=2/4, Health=GOOD, Cycle=63
[2025-09-15 11:07:21] SUCCESS: Message sent to pm-node-ecommerce-app:0
[2025-09-15 11:07:21] SUCCESS: Message sent to pm-python-ml-pipeline:0
[2025-09-15 11:07:37] ERROR: Failed to send to proj-node-ecommerce-app - window does not exist
[2025-09-15 11:08:35] ERROR: Failed to send to proj-node-ecommerce-app - window does not exist
[2025-09-15 11:09:15] SENDING to pm-python-ml-pipeline:0: DEVOPS REPORT: Deployment=3/4, Health=GOOD, Cycle=64
[2025-09-15 11:09:15] SENDING to pm-node-ecommerce-app:0: DEVOPS REPORT: Deployment=2/4, Health=GOOD, Cycle=64
[2025-09-15 11:09:16] SUCCESS: Message sent to pm-python-ml-pipeline:0
[2025-09-15 11:09:16] SUCCESS: Message sent to pm-node-ecommerce-app:0
[2025-09-15 11:09:34] ERROR: Failed to send to proj-node-ecommerce-app - window does not exist
[2025-09-15 11:10:31] ERROR: Failed to send to proj-node-ecommerce-app - window does not exist
[2025-09-15 11:11:10] SENDING to pm-node-ecommerce-app:0: DEVOPS REPORT: Deployment=2/4, Health=GOOD, Cycle=65
[2025-09-15 11:11:10] SENDING to pm-python-ml-pipeline:0: DEVOPS REPORT: Deployment=3/4, Health=GOOD, Cycle=65
[2025-09-15 11:11:10] SUCCESS: Message sent to pm-python-ml-pipeline:0
[2025-09-15 11:11:10] SUCCESS: Message sent to pm-node-ecommerce-app:0
[2025-09-15 11:11:29] ERROR: Failed to send to proj-node-ecommerce-app - window does not exist
[2025-09-15 11:12:26] ERROR: Failed to send to proj-node-ecommerce-app - window does not exist
[2025-09-15 11:13:06] SENDING to pm-node-ecommerce-app:0: DEVOPS REPORT: Deployment=2/4, Health=GOOD, Cycle=66
[2025-09-15 11:13:06] SENDING to pm-python-ml-pipeline:0: DEVOPS REPORT: Deployment=3/4, Health=GOOD, Cycle=66
[2025-09-15 11:13:07] SUCCESS: Message sent to pm-python-ml-pipeline:0
[2025-09-15 11:13:07] SUCCESS: Message sent to pm-node-ecommerce-app:0
[2025-09-15 11:13:24] ERROR: Failed to send to proj-node-ecommerce-app - window does not exist
[2025-09-15 11:14:21] ERROR: Failed to send to proj-node-ecommerce-app - window does not exist
[2025-09-15 11:15:01] SENDING to pm-python-ml-pipeline:0: DEVOPS REPORT: Deployment=3/4, Health=GOOD, Cycle=67
[2025-09-15 11:15:01] SENDING to pm-node-ecommerce-app:0: DEVOPS REPORT: Deployment=2/4, Health=GOOD, Cycle=67
[2025-09-15 11:15:02] SUCCESS: Message sent to pm-python-ml-pipeline:0
[2025-09-15 11:15:02] SUCCESS: Message sent to pm-node-ecommerce-app:0
[2025-09-15 11:15:19] ERROR: Failed to send to proj-node-ecommerce-app - window does not exist
[2025-09-15 11:16:18] ERROR: Failed to send to proj-node-ecommerce-app - window does not exist
[2025-09-15 11:16:57] SENDING to pm-node-ecommerce-app:0: DEVOPS REPORT: Deployment=2/4, Health=GOOD, Cycle=68
[2025-09-15 11:16:57] SENDING to pm-python-ml-pipeline:0: DEVOPS REPORT: Deployment=3/4, Health=GOOD, Cycle=68
[2025-09-15 11:16:57] SUCCESS: Message sent to pm-node-ecommerce-app:0
[2025-09-15 11:16:57] SUCCESS: Message sent to pm-python-ml-pipeline:0
[2025-09-15 11:17:15] ERROR: Failed to send to proj-node-ecommerce-app - window does not exist
[2025-09-15 11:18:13] ERROR: Failed to send to proj-node-ecommerce-app - window does not exist
[2025-09-15 11:18:52] SENDING to pm-node-ecommerce-app:0: DEVOPS REPORT: Deployment=2/4, Health=GOOD, Cycle=69
[2025-09-15 11:18:52] SENDING to pm-python-ml-pipeline:0: DEVOPS REPORT: Deployment=3/4, Health=GOOD, Cycle=69
[2025-09-15 11:18:52] SUCCESS: Message sent to pm-node-ecommerce-app:0
[2025-09-15 11:18:52] SUCCESS: Message sent to pm-python-ml-pipeline:0
[2025-09-15 11:19:10] ERROR: Failed to send to proj-node-ecommerce-app - window does not exist
[2025-09-15 11:20:08] ERROR: Failed to send to proj-node-ecommerce-app - window does not exist
[2025-09-15 11:20:48] SENDING to pm-node-ecommerce-app:0: DEVOPS REPORT: Deployment=2/4, Health=GOOD, Cycle=70
[2025-09-15 11:20:48] SENDING to pm-python-ml-pipeline:0: DEVOPS REPORT: Deployment=3/4, Health=GOOD, Cycle=70
[2025-09-15 11:20:49] SUCCESS: Message sent to pm-node-ecommerce-app:0
[2025-09-15 11:20:49] SUCCESS: Message sent to pm-python-ml-pipeline:0
[2025-09-15 11:21:06] ERROR: Failed to send to proj-node-ecommerce-app - window does not exist
[2025-09-15 11:22:03] ERROR: Failed to send to proj-node-ecommerce-app - window does not exist
[2025-09-15 11:22:44] SENDING to pm-node-ecommerce-app:0: DEVOPS REPORT: Deployment=2/4, Health=GOOD, Cycle=71
[2025-09-15 11:22:44] SENDING to pm-python-ml-pipeline:0: DEVOPS REPORT: Deployment=3/4, Health=GOOD, Cycle=71
[2025-09-15 11:22:44] SUCCESS: Message sent to pm-node-ecommerce-app:0
[2025-09-15 11:22:44] SUCCESS: Message sent to pm-python-ml-pipeline:0
[2025-09-15 11:23:01] ERROR: Failed to send to proj-node-ecommerce-app - window does not exist
[2025-09-15 11:24:00] ERROR: Failed to send to proj-node-ecommerce-app - window does not exist
[2025-09-15 11:24:39] SENDING to pm-python-ml-pipeline:0: DEVOPS REPORT: Deployment=3/4, Health=GOOD, Cycle=72
[2025-09-15 11:24:39] SENDING to pm-node-ecommerce-app:0: DEVOPS REPORT: Deployment=2/4, Health=GOOD, Cycle=72
[2025-09-15 11:24:40] SUCCESS: Message sent to pm-python-ml-pipeline:0
[2025-09-15 11:24:40] SUCCESS: Message sent to pm-node-ecommerce-app:0
[2025-09-15 11:24:57] ERROR: Failed to send to proj-node-ecommerce-app - window does not exist
[2025-09-15 11:25:55] ERROR: Failed to send to proj-node-ecommerce-app - window does not exist
[2025-09-15 11:26:36] SENDING to pm-python-ml-pipeline:0: DEVOPS REPORT: Deployment=3/4, Health=GOOD, Cycle=73
[2025-09-15 11:26:36] SENDING to pm-node-ecommerce-app:0: DEVOPS REPORT: Deployment=2/4, Health=GOOD, Cycle=73
[2025-09-15 11:26:36] SUCCESS: Message sent to pm-python-ml-pipeline:0
[2025-09-15 11:26:36] SUCCESS: Message sent to pm-node-ecommerce-app:0
[2025-09-15 11:26:53] ERROR: Failed to send to proj-node-ecommerce-app - window does not exist
[2025-09-15 11:27:51] ERROR: Failed to send to proj-node-ecommerce-app - window does not exist
[2025-09-15 11:28:31] SENDING to pm-python-ml-pipeline:0: DEVOPS REPORT: Deployment=3/4, Health=GOOD, Cycle=74
[2025-09-15 11:28:31] SENDING to pm-node-ecommerce-app:0: DEVOPS REPORT: Deployment=2/4, Health=GOOD, Cycle=74
[2025-09-15 11:28:32] SUCCESS: Message sent to pm-python-ml-pipeline:0
[2025-09-15 11:28:32] SUCCESS: Message sent to pm-node-ecommerce-app:0
[2025-09-15 11:28:48] ERROR: Failed to send to proj-node-ecommerce-app - window does not exist
[2025-09-15 11:29:46] ERROR: Failed to send to proj-node-ecommerce-app - window does not exist
[2025-09-15 11:30:27] SENDING to pm-python-ml-pipeline:0: DEVOPS REPORT: Deployment=3/4, Health=GOOD, Cycle=75
[2025-09-15 11:30:27] SENDING to pm-node-ecommerce-app:0: DEVOPS REPORT: Deployment=2/4, Health=GOOD, Cycle=75
[2025-09-15 11:30:27] SUCCESS: Message sent to pm-python-ml-pipeline:0
[2025-09-15 11:30:27] SUCCESS: Message sent to pm-node-ecommerce-app:0
[2025-09-15 11:30:44] ERROR: Failed to send to proj-node-ecommerce-app - window does not exist
[2025-09-15 11:31:43] ERROR: Failed to send to proj-node-ecommerce-app - window does not exist
[2025-09-15 11:32:22] SENDING to pm-python-ml-pipeline:0: DEVOPS REPORT: Deployment=3/4, Health=GOOD, Cycle=76
[2025-09-15 11:32:23] SENDING to pm-node-ecommerce-app:0: DEVOPS REPORT: Deployment=2/4, Health=GOOD, Cycle=76
[2025-09-15 11:32:23] SUCCESS: Message sent to pm-python-ml-pipeline:0
[2025-09-15 11:32:23] SUCCESS: Message sent to pm-node-ecommerce-app:0
[2025-09-15 11:32:41] ERROR: Failed to send to proj-node-ecommerce-app - window does not exist
[2025-09-15 11:33:38] ERROR: Failed to send to proj-node-ecommerce-app - window does not exist
[2025-09-15 11:34:19] SENDING to pm-python-ml-pipeline:0: DEVOPS REPORT: Deployment=3/4, Health=GOOD, Cycle=77
[2025-09-15 11:34:19] SENDING to pm-node-ecommerce-app:0: DEVOPS REPORT: Deployment=2/4, Health=GOOD, Cycle=77
[2025-09-15 11:34:20] SUCCESS: Message sent to pm-python-ml-pipeline:0
[2025-09-15 11:34:20] SUCCESS: Message sent to pm-node-ecommerce-app:0
[2025-09-15 11:34:36] ERROR: Failed to send to proj-node-ecommerce-app - window does not exist
[2025-09-15 11:35:34] ERROR: Failed to send to proj-node-ecommerce-app - window does not exist
[2025-09-15 11:36:15] SENDING to pm-python-ml-pipeline:0: DEVOPS REPORT: Deployment=3/4, Health=GOOD, Cycle=78
[2025-09-15 11:36:15] SENDING to pm-node-ecommerce-app:0: DEVOPS REPORT: Deployment=2/4, Health=GOOD, Cycle=78
[2025-09-15 11:36:16] SUCCESS: Message sent to pm-python-ml-pipeline:0
[2025-09-15 11:36:16] SUCCESS: Message sent to pm-node-ecommerce-app:0
[2025-09-15 11:36:32] ERROR: Failed to send to proj-node-ecommerce-app - window does not exist
[2025-09-15 11:37:30] ERROR: Failed to send to proj-node-ecommerce-app - window does not exist
[2025-09-15 11:38:11] SENDING to pm-node-ecommerce-app:0: DEVOPS REPORT: Deployment=2/4, Health=GOOD, Cycle=79
[2025-09-15 11:38:11] SENDING to pm-python-ml-pipeline:0: DEVOPS REPORT: Deployment=3/4, Health=GOOD, Cycle=79
[2025-09-15 11:38:12] SUCCESS: Message sent to pm-node-ecommerce-app:0
[2025-09-15 11:38:12] SUCCESS: Message sent to pm-python-ml-pipeline:0
[2025-09-15 11:38:29] ERROR: Failed to send to proj-node-ecommerce-app - window does not exist
[2025-09-15 11:39:27] ERROR: Failed to send to proj-node-ecommerce-app - window does not exist
[2025-09-15 11:40:07] SENDING to pm-node-ecommerce-app:0: DEVOPS REPORT: Deployment=2/4, Health=GOOD, Cycle=80
[2025-09-15 11:40:07] SENDING to pm-python-ml-pipeline:0: DEVOPS REPORT: Deployment=3/4, Health=GOOD, Cycle=80
[2025-09-15 11:40:07] SUCCESS: Message sent to pm-node-ecommerce-app:0
[2025-09-15 11:40:08] SUCCESS: Message sent to pm-python-ml-pipeline:0
[2025-09-15 11:40:25] ERROR: Failed to send to proj-node-ecommerce-app - window does not exist
[2025-09-15 11:41:23] ERROR: Failed to send to proj-node-ecommerce-app - window does not exist
[2025-09-15 11:42:04] SENDING to pm-node-ecommerce-app:0: DEVOPS REPORT: Deployment=2/4, Health=GOOD, Cycle=81
[2025-09-15 11:42:04] SENDING to pm-python-ml-pipeline:0: DEVOPS REPORT: Deployment=3/4, Health=GOOD, Cycle=81
[2025-09-15 11:42:05] SUCCESS: Message sent to pm-node-ecommerce-app:0
[2025-09-15 11:42:05] SUCCESS: Message sent to pm-python-ml-pipeline:0
[2025-09-15 11:42:21] ERROR: Failed to send to proj-node-ecommerce-app - window does not exist
[2025-09-15 11:43:19] ERROR: Failed to send to proj-node-ecommerce-app - window does not exist
[2025-09-15 11:44:00] SENDING to pm-node-ecommerce-app:0: DEVOPS REPORT: Deployment=2/4, Health=GOOD, Cycle=82
[2025-09-15 11:44:00] SENDING to pm-python-ml-pipeline:0: DEVOPS REPORT: Deployment=3/4, Health=GOOD, Cycle=82
[2025-09-15 11:44:01] SUCCESS: Message sent to pm-node-ecommerce-app:0
[2025-09-15 11:44:01] SUCCESS: Message sent to pm-python-ml-pipeline:0
[2025-09-15 11:44:17] ERROR: Failed to send to proj-node-ecommerce-app - window does not exist
[2025-09-15 11:45:15] ERROR: Failed to send to proj-node-ecommerce-app - window does not exist
[2025-09-15 11:45:56] SENDING to pm-node-ecommerce-app:0: DEVOPS REPORT: Deployment=2/4, Health=GOOD, Cycle=83
[2025-09-15 11:45:56] SENDING to pm-python-ml-pipeline:0: DEVOPS REPORT: Deployment=3/4, Health=GOOD, Cycle=83
[2025-09-15 11:45:57] SUCCESS: Message sent to pm-node-ecommerce-app:0
[2025-09-15 11:45:57] SUCCESS: Message sent to pm-python-ml-pipeline:0
[2025-09-15 11:46:14] ERROR: Failed to send to proj-node-ecommerce-app - window does not exist
[2025-09-15 11:47:12] ERROR: Failed to send to proj-node-ecommerce-app - window does not exist
[2025-09-15 11:47:53] SENDING to pm-node-ecommerce-app:0: DEVOPS REPORT: Deployment=2/4, Health=GOOD, Cycle=84
[2025-09-15 11:47:53] SENDING to pm-python-ml-pipeline:0: DEVOPS REPORT: Deployment=3/4, Health=GOOD, Cycle=84
[2025-09-15 11:47:53] SUCCESS: Message sent to pm-node-ecommerce-app:0
[2025-09-15 11:47:53] SUCCESS: Message sent to pm-python-ml-pipeline:0
[2025-09-15 11:48:10] ERROR: Failed to send to proj-node-ecommerce-app - window does not exist
[2025-09-15 11:49:09] ERROR: Failed to send to proj-node-ecommerce-app - window does not exist
[2025-09-15 11:49:50] SENDING to pm-node-ecommerce-app:0: DEVOPS REPORT: Deployment=2/4, Health=GOOD, Cycle=85
[2025-09-15 11:49:50] SENDING to pm-python-ml-pipeline:0: DEVOPS REPORT: Deployment=3/4, Health=GOOD, Cycle=85
[2025-09-15 11:49:51] SUCCESS: Message sent to pm-node-ecommerce-app:0
[2025-09-15 11:49:51] SUCCESS: Message sent to pm-python-ml-pipeline:0
[2025-09-15 11:50:07] ERROR: Failed to send to proj-node-ecommerce-app - window does not exist
[2025-09-15 11:51:05] ERROR: Failed to send to proj-node-ecommerce-app - window does not exist
[2025-09-15 11:51:47] SENDING to pm-node-ecommerce-app:0: DEVOPS REPORT: Deployment=2/4, Health=GOOD, Cycle=86
[2025-09-15 11:51:47] SENDING to pm-python-ml-pipeline:0: DEVOPS REPORT: Deployment=3/4, Health=GOOD, Cycle=86
[2025-09-15 11:51:47] SUCCESS: Message sent to pm-node-ecommerce-app:0
[2025-09-15 11:51:47] SUCCESS: Message sent to pm-python-ml-pipeline:0
[2025-09-15 11:52:03] ERROR: Failed to send to proj-node-ecommerce-app - window does not exist
[2025-09-15 11:53:03] ERROR: Failed to send to proj-node-ecommerce-app - window does not exist
[2025-09-15 11:53:43] SENDING to pm-node-ecommerce-app:0: DEVOPS REPORT: Deployment=2/4, Health=GOOD, Cycle=87
[2025-09-15 11:53:44] SENDING to pm-python-ml-pipeline:0: DEVOPS REPORT: Deployment=3/4, Health=GOOD, Cycle=87
[2025-09-15 11:53:44] SUCCESS: Message sent to pm-node-ecommerce-app:0
[2025-09-15 11:53:44] SUCCESS: Message sent to pm-python-ml-pipeline:0
[2025-09-15 11:54:01] ERROR: Failed to send to proj-node-ecommerce-app - window does not exist
[2025-09-15 11:54:59] ERROR: Failed to send to proj-node-ecommerce-app - window does not exist
[2025-09-15 11:55:40] SENDING to pm-node-ecommerce-app:0: DEVOPS REPORT: Deployment=2/4, Health=GOOD, Cycle=88
[2025-09-15 11:55:40] SENDING to pm-python-ml-pipeline:0: DEVOPS REPORT: Deployment=3/4, Health=GOOD, Cycle=88
[2025-09-15 11:55:41] SUCCESS: Message sent to pm-node-ecommerce-app:0
[2025-09-15 11:55:41] SUCCESS: Message sent to pm-python-ml-pipeline:0
[2025-09-15 11:55:58] ERROR: Failed to send to proj-node-ecommerce-app - window does not exist
[2025-09-15 11:56:56] ERROR: Failed to send to proj-node-ecommerce-app - window does not exist
[2025-09-15 11:57:38] SENDING to pm-node-ecommerce-app:0: DEVOPS REPORT: Deployment=2/4, Health=GOOD, Cycle=89
[2025-09-15 11:57:38] SENDING to pm-python-ml-pipeline:0: DEVOPS REPORT: Deployment=3/4, Health=GOOD, Cycle=89
[2025-09-15 11:57:38] SUCCESS: Message sent to pm-node-ecommerce-app:0
[2025-09-15 11:57:39] SUCCESS: Message sent to pm-python-ml-pipeline:0
[2025-09-15 11:57:54] ERROR: Failed to send to proj-node-ecommerce-app - window does not exist
[2025-09-15 11:58:53] ERROR: Failed to send to proj-node-ecommerce-app - window does not exist
[2025-09-15 11:59:35] SENDING to pm-node-ecommerce-app:0: DEVOPS REPORT: Deployment=2/4, Health=GOOD, Cycle=90
[2025-09-15 11:59:35] SENDING to pm-python-ml-pipeline:0: DEVOPS REPORT: Deployment=3/4, Health=GOOD, Cycle=90
[2025-09-15 11:59:35] SUCCESS: Message sent to pm-node-ecommerce-app:0
[2025-09-15 11:59:35] SUCCESS: Message sent to pm-python-ml-pipeline:0
[2025-09-15 11:59:51] ERROR: Failed to send to proj-node-ecommerce-app - window does not exist
[2025-09-15 12:00:51] ERROR: Failed to send to proj-node-ecommerce-app - window does not exist
[2025-09-15 12:01:32] SENDING to pm-node-ecommerce-app:0: DEVOPS REPORT: Deployment=2/4, Health=GOOD, Cycle=91
[2025-09-15 12:01:32] SENDING to pm-python-ml-pipeline:0: DEVOPS REPORT: Deployment=3/4, Health=GOOD, Cycle=91
[2025-09-15 12:01:32] SUCCESS: Message sent to pm-node-ecommerce-app:0
[2025-09-15 12:01:32] SUCCESS: Message sent to pm-python-ml-pipeline:0
[2025-09-15 12:01:49] ERROR: Failed to send to proj-node-ecommerce-app - window does not exist
[2025-09-15 12:02:48] ERROR: Failed to send to proj-node-ecommerce-app - window does not exist
[2025-09-15 12:03:29] SENDING to pm-node-ecommerce-app:0: DEVOPS REPORT: Deployment=2/4, Health=GOOD, Cycle=92
[2025-09-15 12:03:29] SENDING to pm-python-ml-pipeline:0: DEVOPS REPORT: Deployment=3/4, Health=GOOD, Cycle=92
[2025-09-15 12:03:30] SUCCESS: Message sent to pm-node-ecommerce-app:0
[2025-09-15 12:03:30] SUCCESS: Message sent to pm-python-ml-pipeline:0
[2025-09-15 12:03:46] ERROR: Failed to send to proj-node-ecommerce-app - window does not exist
[2025-09-15 12:04:45] ERROR: Failed to send to proj-node-ecommerce-app - window does not exist
[2025-09-15 12:05:27] SENDING to pm-node-ecommerce-app:0: DEVOPS REPORT: Deployment=2/4, Health=GOOD, Cycle=93
[2025-09-15 12:05:27] SENDING to pm-python-ml-pipeline:0: DEVOPS REPORT: Deployment=3/4, Health=GOOD, Cycle=93
[2025-09-15 12:05:28] SUCCESS: Message sent to pm-node-ecommerce-app:0
[2025-09-15 12:05:28] SUCCESS: Message sent to pm-python-ml-pipeline:0
[2025-09-15 12:05:44] ERROR: Failed to send to proj-node-ecommerce-app - window does not exist
[2025-09-15 12:06:42] ERROR: Failed to send to proj-node-ecommerce-app - window does not exist
[2025-09-15 12:07:25] SENDING to pm-node-ecommerce-app:0: DEVOPS REPORT: Deployment=2/4, Health=GOOD, Cycle=94
[2025-09-15 12:07:25] SENDING to pm-python-ml-pipeline:0: DEVOPS REPORT: Deployment=3/4, Health=GOOD, Cycle=94
[2025-09-15 12:07:25] SUCCESS: Message sent to pm-node-ecommerce-app:0
[2025-09-15 12:07:25] SUCCESS: Message sent to pm-python-ml-pipeline:0
[2025-09-15 12:07:41] ERROR: Failed to send to proj-node-ecommerce-app - window does not exist
[2025-09-15 12:08:40] ERROR: Failed to send to proj-node-ecommerce-app - window does not exist
[2025-09-15 12:09:22] SENDING to pm-node-ecommerce-app:0: DEVOPS REPORT: Deployment=2/4, Health=GOOD, Cycle=95
[2025-09-15 12:09:22] SENDING to pm-python-ml-pipeline:0: DEVOPS REPORT: Deployment=3/4, Health=GOOD, Cycle=95
[2025-09-15 12:09:22] SUCCESS: Message sent to pm-node-ecommerce-app:0
[2025-09-15 12:09:22] SUCCESS: Message sent to pm-python-ml-pipeline:0
[2025-09-15 12:09:39] ERROR: Failed to send to proj-node-ecommerce-app - window does not exist
[2025-09-15 12:10:37] ERROR: Failed to send to proj-node-ecommerce-app - window does not exist
[2025-09-15 12:11:20] SENDING to pm-node-ecommerce-app:0: DEVOPS REPORT: Deployment=2/4, Health=GOOD, Cycle=96
[2025-09-15 12:11:20] SENDING to pm-python-ml-pipeline:0: DEVOPS REPORT: Deployment=3/4, Health=GOOD, Cycle=96
[2025-09-15 12:11:20] SUCCESS: Message sent to pm-node-ecommerce-app:0
[2025-09-15 12:11:20] SUCCESS: Message sent to pm-python-ml-pipeline:0
[2025-09-15 12:11:36] ERROR: Failed to send to proj-node-ecommerce-app - window does not exist
[2025-09-15 12:12:35] ERROR: Failed to send to proj-node-ecommerce-app - window does not exist
[2025-09-15 12:13:17] SENDING to pm-node-ecommerce-app:0: DEVOPS REPORT: Deployment=2/4, Health=GOOD, Cycle=97
[2025-09-15 12:13:17] SENDING to pm-python-ml-pipeline:0: DEVOPS REPORT: Deployment=3/4, Health=GOOD, Cycle=97
[2025-09-15 12:13:18] SUCCESS: Message sent to pm-node-ecommerce-app:0
[2025-09-15 12:13:18] SUCCESS: Message sent to pm-python-ml-pipeline:0
[2025-09-15 12:13:33] ERROR: Failed to send to proj-node-ecommerce-app - window does not exist
[2025-09-15 12:14:32] ERROR: Failed to send to proj-node-ecommerce-app - window does not exist
[2025-09-15 12:15:15] SENDING to pm-node-ecommerce-app:0: DEVOPS REPORT: Deployment=2/4, Health=GOOD, Cycle=98
[2025-09-15 12:15:15] SENDING to pm-python-ml-pipeline:0: DEVOPS REPORT: Deployment=3/4, Health=GOOD, Cycle=98
[2025-09-15 12:15:15] SUCCESS: Message sent to pm-node-ecommerce-app:0
[2025-09-15 12:15:15] SUCCESS: Message sent to pm-python-ml-pipeline:0
[2025-09-15 12:15:31] ERROR: Failed to send to proj-node-ecommerce-app - window does not exist
[2025-09-15 12:16:30] ERROR: Failed to send to proj-node-ecommerce-app - window does not exist
[2025-09-15 12:17:12] SENDING to pm-node-ecommerce-app:0: DEVOPS REPORT: Deployment=2/4, Health=GOOD, Cycle=99
[2025-09-15 12:17:12] SENDING to pm-python-ml-pipeline:0: DEVOPS REPORT: Deployment=3/4, Health=GOOD, Cycle=99
[2025-09-15 12:17:13] SUCCESS: Message sent to pm-node-ecommerce-app:0
[2025-09-15 12:17:13] SUCCESS: Message sent to pm-python-ml-pipeline:0
[2025-09-15 12:17:29] ERROR: Failed to send to proj-node-ecommerce-app - window does not exist
[2025-09-15 12:18:28] ERROR: Failed to send to proj-node-ecommerce-app - window does not exist
[2025-09-15 12:19:10] SENDING to pm-node-ecommerce-app:0: DEVOPS REPORT: Deployment=2/4, Health=GOOD, Cycle=100
[2025-09-15 12:19:10] SENDING to pm-python-ml-pipeline:0: DEVOPS REPORT: Deployment=3/4, Health=GOOD, Cycle=100
[2025-09-15 12:19:11] SUCCESS: Message sent to pm-node-ecommerce-app:0
[2025-09-15 12:19:11] SUCCESS: Message sent to pm-python-ml-pipeline:0
[2025-09-15 12:19:26] ERROR: Failed to send to proj-node-ecommerce-app - window does not exist
[2025-09-15 12:20:25] ERROR: Failed to send to proj-node-ecommerce-app - window does not exist
[2025-09-15 12:21:08] SENDING to pm-node-ecommerce-app:0: DEVOPS REPORT: Deployment=2/4, Health=GOOD, Cycle=101
[2025-09-15 12:21:08] SENDING to pm-python-ml-pipeline:0: DEVOPS REPORT: Deployment=3/4, Health=GOOD, Cycle=101
[2025-09-15 12:21:08] SUCCESS: Message sent to pm-node-ecommerce-app:0
[2025-09-15 12:21:08] SUCCESS: Message sent to pm-python-ml-pipeline:0
[2025-09-15 12:21:24] ERROR: Failed to send to proj-node-ecommerce-app - window does not exist
[2025-09-15 12:22:23] ERROR: Failed to send to proj-node-ecommerce-app - window does not exist
[2025-09-15 12:23:06] SENDING to pm-node-ecommerce-app:0: DEVOPS REPORT: Deployment=2/4, Health=GOOD, Cycle=102
[2025-09-15 12:23:06] SENDING to pm-python-ml-pipeline:0: DEVOPS REPORT: Deployment=3/4, Health=GOOD, Cycle=102
[2025-09-15 12:23:06] SUCCESS: Message sent to pm-node-ecommerce-app:0
[2025-09-15 12:23:06] SUCCESS: Message sent to pm-python-ml-pipeline:0
[2025-09-15 12:23:22] ERROR: Failed to send to proj-node-ecommerce-app - window does not exist
[2025-09-15 12:24:21] ERROR: Failed to send to proj-node-ecommerce-app - window does not exist
[2025-09-15 12:25:03] SENDING to pm-node-ecommerce-app:0: DEVOPS REPORT: Deployment=2/4, Health=GOOD, Cycle=103
[2025-09-15 12:25:03] SENDING to pm-python-ml-pipeline:0: DEVOPS REPORT: Deployment=3/4, Health=GOOD, Cycle=103
[2025-09-15 12:25:04] SUCCESS: Message sent to pm-node-ecommerce-app:0
[2025-09-15 12:25:04] SUCCESS: Message sent to pm-python-ml-pipeline:0
[2025-09-15 12:25:20] ERROR: Failed to send to proj-node-ecommerce-app - window does not exist
[2025-09-15 12:26:19] ERROR: Failed to send to proj-node-ecommerce-app - window does not exist
[2025-09-15 12:27:02] SENDING to pm-node-ecommerce-app:0: DEVOPS REPORT: Deployment=2/4, Health=GOOD, Cycle=104
[2025-09-15 12:27:02] SENDING to pm-python-ml-pipeline:0: DEVOPS REPORT: Deployment=3/4, Health=GOOD, Cycle=104
[2025-09-15 12:27:02] SUCCESS: Message sent to pm-node-ecommerce-app:0
[2025-09-15 12:27:02] SUCCESS: Message sent to pm-python-ml-pipeline:0
[2025-09-15 12:27:18] ERROR: Failed to send to proj-node-ecommerce-app - window does not exist
[2025-09-15 12:28:16] ERROR: Failed to send to proj-node-ecommerce-app - window does not exist
[2025-09-15 12:28:59] SENDING to pm-node-ecommerce-app:0: DEVOPS REPORT: Deployment=2/4, Health=GOOD, Cycle=105
[2025-09-15 12:29:00] SENDING to pm-python-ml-pipeline:0: DEVOPS REPORT: Deployment=3/4, Health=GOOD, Cycle=105
[2025-09-15 12:29:00] SUCCESS: Message sent to pm-node-ecommerce-app:0
[2025-09-15 12:29:00] SUCCESS: Message sent to pm-python-ml-pipeline:0
[2025-09-15 12:29:15] ERROR: Failed to send to proj-node-ecommerce-app - window does not exist
[2025-09-15 12:30:14] SENDING to proj-node-ecommerce-app:0:  PRODUCTIVITY CHECK-IN (12:30)

 Quick Status Reminder:
- Have you made a git commit in the last 30 minutes?
- Are you actively developing features?
- Any blockers that need specific technical help?

 Keep up the autonomous development!
Next expected commit: 13:00

Continue your excellent work! 
[2025-09-15 12:30:15] SUCCESS: Message sent to proj-node-ecommerce-app:0
[2025-09-15 12:30:15] SENDING to proj-python-ml-pipeline:0:  PRODUCTIVITY CHECK-IN (12:30)

 Quick Status Reminder:
- Have you made a git commit in the last 30 minutes?
- Are you actively developing features?
- Any blockers that need specific technical help?

 Keep up the autonomous development!
Next expected commit: 13:00

Continue your excellent work! 
[2025-09-15 12:30:15] ERROR: Failed to send to proj-node-ecommerce-app - window does not exist
[2025-09-15 12:30:15] SUCCESS: Message sent to proj-python-ml-pipeline:0
[2025-09-15 12:30:45] SENDING to proj-node-ecommerce-app:0:  PRODUCTIVITY CHECK-IN (12:30)

 Quick Status Reminder:
- Have you made a git commit in the last 30 minutes?
- Are you actively developing features?
- Any blockers that need specific technical help?

 Keep up the autonomous development!
Next expected commit: 13:00

Continue your excellent work! 
[2025-09-15 12:30:45] SUCCESS: Message sent to proj-node-ecommerce-app:0
[2025-09-15 12:30:45] SENDING to proj-python-ml-pipeline:0:  PRODUCTIVITY CHECK-IN (12:30)

 Quick Status Reminder:
- Have you made a git commit in the last 30 minutes?
- Are you actively developing features?
- Any blockers that need specific technical help?

 Keep up the autonomous development!
Next expected commit: 13:00

Continue your excellent work! 
[2025-09-15 12:30:46] SUCCESS: Message sent to proj-python-ml-pipeline:0
[2025-09-15 12:30:58] SENDING to pm-node-ecommerce-app:0: DEVOPS REPORT: Deployment=2/4, Health=GOOD, Cycle=106
[2025-09-15 12:30:58] SENDING to pm-python-ml-pipeline:0: DEVOPS REPORT: Deployment=3/4, Health=GOOD, Cycle=106
[2025-09-15 12:30:58] SUCCESS: Message sent to pm-node-ecommerce-app:0
[2025-09-15 12:30:58] SUCCESS: Message sent to pm-python-ml-pipeline:0
[2025-09-15 12:31:14] ERROR: Failed to send to proj-node-ecommerce-app - window does not exist
[2025-09-15 12:32:13] ERROR: Failed to send to proj-node-ecommerce-app - window does not exist
[2025-09-15 12:32:56] SENDING to pm-node-ecommerce-app:0: DEVOPS REPORT: Deployment=2/4, Health=GOOD, Cycle=107
[2025-09-15 12:32:56] SENDING to pm-python-ml-pipeline:0: DEVOPS REPORT: Deployment=3/4, Health=GOOD, Cycle=107
[2025-09-15 12:32:56] SUCCESS: Message sent to pm-node-ecommerce-app:0
[2025-09-15 12:32:56] SUCCESS: Message sent to pm-python-ml-pipeline:0
[2025-09-15 12:33:12] ERROR: Failed to send to proj-node-ecommerce-app - window does not exist
[2025-09-15 12:34:11] ERROR: Failed to send to proj-node-ecommerce-app - window does not exist
[2025-09-15 12:34:54] SENDING to pm-node-ecommerce-app:0: DEVOPS REPORT: Deployment=2/4, Health=GOOD, Cycle=108
[2025-09-15 12:34:54] SENDING to pm-python-ml-pipeline:0: DEVOPS REPORT: Deployment=3/4, Health=GOOD, Cycle=108
[2025-09-15 12:34:55] SUCCESS: Message sent to pm-node-ecommerce-app:0
[2025-09-15 12:34:55] SUCCESS: Message sent to pm-python-ml-pipeline:0
[2025-09-15 12:35:10] ERROR: Failed to send to proj-node-ecommerce-app - window does not exist
[2025-09-15 12:36:09] ERROR: Failed to send to proj-node-ecommerce-app - window does not exist
[2025-09-15 12:36:53] SENDING to pm-python-ml-pipeline:0: DEVOPS REPORT: Deployment=3/4, Health=GOOD, Cycle=109
[2025-09-15 12:36:53] SENDING to pm-node-ecommerce-app:0: DEVOPS REPORT: Deployment=2/4, Health=GOOD, Cycle=109
[2025-09-15 12:36:53] SUCCESS: Message sent to pm-python-ml-pipeline:0
[2025-09-15 12:36:53] SUCCESS: Message sent to pm-node-ecommerce-app:0
[2025-09-15 12:37:08] ERROR: Failed to send to proj-node-ecommerce-app - window does not exist
[2025-09-15 12:38:08] ERROR: Failed to send to proj-node-ecommerce-app - window does not exist
[2025-09-15 12:38:51] SENDING to pm-python-ml-pipeline:0: DEVOPS REPORT: Deployment=3/4, Health=GOOD, Cycle=110
[2025-09-15 12:38:51] SENDING to pm-node-ecommerce-app:0: DEVOPS REPORT: Deployment=2/4, Health=GOOD, Cycle=110
[2025-09-15 12:38:51] SUCCESS: Message sent to pm-python-ml-pipeline:0
[2025-09-15 12:38:51] SUCCESS: Message sent to pm-node-ecommerce-app:0
[2025-09-15 12:39:07] ERROR: Failed to send to proj-node-ecommerce-app - window does not exist
[2025-09-15 12:40:06] SENDING to proj-node-ecommerce-app:0:  PRODUCTIVITY CHECK-IN (12:40)

 Quick Status Reminder:
- Have you made a git commit in the last 30 minutes?
- Are you actively developing features?
- Any blockers that need specific technical help?

 Keep up the autonomous development!
Next expected commit: 13:10

Continue your excellent work! 
[2025-09-15 12:40:06] SUCCESS: Message sent to proj-node-ecommerce-app:0
[2025-09-15 12:40:06] SENDING to proj-python-ml-pipeline:0:  PRODUCTIVITY CHECK-IN (12:40)

 Quick Status Reminder:
- Have you made a git commit in the last 30 minutes?
- Are you actively developing features?
- Any blockers that need specific technical help?

 Keep up the autonomous development!
Next expected commit: 13:10

Continue your excellent work! 
[2025-09-15 12:40:06] ERROR: Failed to send to proj-node-ecommerce-app - window does not exist
[2025-09-15 12:40:07] SUCCESS: Message sent to proj-python-ml-pipeline:0
[2025-09-15 12:40:36] SENDING to proj-node-ecommerce-app:0:  PRODUCTIVITY CHECK-IN (12:40)

 Quick Status Reminder:
- Have you made a git commit in the last 30 minutes?
- Are you actively developing features?
- Any blockers that need specific technical help?

 Keep up the autonomous development!
Next expected commit: 13:10

Continue your excellent work! 
[2025-09-15 12:40:37] SUCCESS: Message sent to proj-node-ecommerce-app:0
[2025-09-15 12:40:37] SENDING to proj-python-ml-pipeline:0:  PRODUCTIVITY CHECK-IN (12:40)

 Quick Status Reminder:
- Have you made a git commit in the last 30 minutes?
- Are you actively developing features?
- Any blockers that need specific technical help?

 Keep up the autonomous development!
Next expected commit: 13:10

Continue your excellent work! 
[2025-09-15 12:40:37] SUCCESS: Message sent to proj-python-ml-pipeline:0
[2025-09-15 12:40:49] SENDING to pm-node-ecommerce-app:0: DEVOPS REPORT: Deployment=2/4, Health=GOOD, Cycle=111
[2025-09-15 12:40:49] SENDING to pm-python-ml-pipeline:0: DEVOPS REPORT: Deployment=3/4, Health=GOOD, Cycle=111
[2025-09-15 12:40:50] SUCCESS: Message sent to pm-python-ml-pipeline:0
[2025-09-15 12:40:50] SUCCESS: Message sent to pm-node-ecommerce-app:0
[2025-09-15 12:41:06] ERROR: Failed to send to proj-node-ecommerce-app - window does not exist
[2025-09-15 12:42:05] ERROR: Failed to send to proj-node-ecommerce-app - window does not exist
[2025-09-15 12:42:49] SENDING to pm-node-ecommerce-app:0: DEVOPS REPORT: Deployment=2/4, Health=GOOD, Cycle=112
[2025-09-15 12:42:49] SENDING to pm-python-ml-pipeline:0: DEVOPS REPORT: Deployment=3/4, Health=GOOD, Cycle=112
[2025-09-15 12:42:49] SUCCESS: Message sent to pm-node-ecommerce-app:0
[2025-09-15 12:42:49] SUCCESS: Message sent to pm-python-ml-pipeline:0
[2025-09-15 12:43:04] ERROR: Failed to send to proj-node-ecommerce-app - window does not exist
[2025-09-15 12:44:04] ERROR: Failed to send to proj-node-ecommerce-app - window does not exist
[2025-09-15 12:44:47] SENDING to pm-node-ecommerce-app:0: DEVOPS REPORT: Deployment=2/4, Health=GOOD, Cycle=113
[2025-09-15 12:44:47] SENDING to pm-python-ml-pipeline:0: DEVOPS REPORT: Deployment=3/4, Health=GOOD, Cycle=113
[2025-09-15 12:44:48] SUCCESS: Message sent to pm-node-ecommerce-app:0
[2025-09-15 12:44:48] SUCCESS: Message sent to pm-python-ml-pipeline:0
[2025-09-15 12:45:03] ERROR: Failed to send to proj-node-ecommerce-app - window does not exist
[2025-09-15 12:46:03] ERROR: Failed to send to proj-node-ecommerce-app - window does not exist
[2025-09-15 12:46:46] SENDING to pm-node-ecommerce-app:0: DEVOPS REPORT: Deployment=2/4, Health=GOOD, Cycle=114
[2025-09-15 12:46:46] SENDING to pm-python-ml-pipeline:0: DEVOPS REPORT: Deployment=3/4, Health=GOOD, Cycle=114
[2025-09-15 12:46:47] SUCCESS: Message sent to pm-node-ecommerce-app:0
[2025-09-15 12:46:47] SUCCESS: Message sent to pm-python-ml-pipeline:0
[2025-09-15 12:47:02] ERROR: Failed to send to proj-node-ecommerce-app - window does not exist
[2025-09-15 12:48:02] ERROR: Failed to send to proj-node-ecommerce-app - window does not exist
[2025-09-15 12:48:46] SENDING to pm-python-ml-pipeline:0: DEVOPS REPORT: Deployment=3/4, Health=GOOD, Cycle=115
[2025-09-15 12:48:46] SENDING to pm-node-ecommerce-app:0: DEVOPS REPORT: Deployment=2/4, Health=GOOD, Cycle=115
[2025-09-15 12:48:47] SUCCESS: Message sent to pm-python-ml-pipeline:0
[2025-09-15 12:48:47] SUCCESS: Message sent to pm-node-ecommerce-app:0
[2025-09-15 12:49:02] ERROR: Failed to send to proj-node-ecommerce-app - window does not exist
[2025-09-15 12:50:01] SENDING to proj-node-ecommerce-app:0:  PRODUCTIVITY CHECK-IN (12:50)

 Quick Status Reminder:
- Have you made a git commit in the last 30 minutes?
- Are you actively developing features?
- Any blockers that need specific technical help?

 Keep up the autonomous development!
Next expected commit: 13:20

Continue your excellent work! 
[2025-09-15 12:50:02] SUCCESS: Message sent to proj-node-ecommerce-app:0
[2025-09-15 12:50:02] SENDING to proj-python-ml-pipeline:0:  PRODUCTIVITY CHECK-IN (12:50)

 Quick Status Reminder:
- Have you made a git commit in the last 30 minutes?
- Are you actively developing features?
- Any blockers that need specific technical help?

 Keep up the autonomous development!
Next expected commit: 13:20

Continue your excellent work! 
[2025-09-15 12:50:02] SUCCESS: Message sent to proj-python-ml-pipeline:0
[2025-09-15 12:50:02] ERROR: Failed to send to proj-node-ecommerce-app - window does not exist
[2025-09-15 12:50:32] SENDING to proj-node-ecommerce-app:0:  PRODUCTIVITY CHECK-IN (12:50)

 Quick Status Reminder:
- Have you made a git commit in the last 30 minutes?
- Are you actively developing features?
- Any blockers that need specific technical help?

 Keep up the autonomous development!
Next expected commit: 13:20

Continue your excellent work! 
[2025-09-15 12:50:33] SUCCESS: Message sent to proj-node-ecommerce-app:0
[2025-09-15 12:50:33] SENDING to proj-python-ml-pipeline:0:  PRODUCTIVITY CHECK-IN (12:50)

 Quick Status Reminder:
- Have you made a git commit in the last 30 minutes?
- Are you actively developing features?
- Any blockers that need specific technical help?

 Keep up the autonomous development!
Next expected commit: 13:20

Continue your excellent work! 
[2025-09-15 12:50:34] SUCCESS: Message sent to proj-python-ml-pipeline:0
[2025-09-15 12:50:47] SENDING to pm-node-ecommerce-app:0: DEVOPS REPORT: Deployment=2/4, Health=GOOD, Cycle=116
[2025-09-15 12:50:47] SENDING to pm-python-ml-pipeline:0: DEVOPS REPORT: Deployment=3/4, Health=GOOD, Cycle=116
[2025-09-15 12:50:47] SUCCESS: Message sent to pm-node-ecommerce-app:0
[2025-09-15 12:50:47] SUCCESS: Message sent to pm-python-ml-pipeline:0
[2025-09-15 12:51:03] ERROR: Failed to send to proj-node-ecommerce-app - window does not exist
[2025-09-15 12:52:03] ERROR: Failed to send to proj-node-ecommerce-app - window does not exist
[2025-09-15 12:52:47] SENDING to pm-node-ecommerce-app:0: DEVOPS REPORT: Deployment=2/4, Health=GOOD, Cycle=117
[2025-09-15 12:52:47] SENDING to pm-python-ml-pipeline:0: DEVOPS REPORT: Deployment=3/4, Health=GOOD, Cycle=117
[2025-09-15 12:52:48] SUCCESS: Message sent to pm-node-ecommerce-app:0
[2025-09-15 12:52:48] SUCCESS: Message sent to pm-python-ml-pipeline:0
[2025-09-15 12:53:03] ERROR: Failed to send to proj-node-ecommerce-app - window does not exist
[2025-09-15 12:54:03] ERROR: Failed to send to proj-node-ecommerce-app - window does not exist
[2025-09-15 12:54:48] SENDING to pm-node-ecommerce-app:0: DEVOPS REPORT: Deployment=2/4, Health=GOOD, Cycle=118
[2025-09-15 12:54:48] SENDING to pm-python-ml-pipeline:0: DEVOPS REPORT: Deployment=3/4, Health=GOOD, Cycle=118
[2025-09-15 12:54:48] SUCCESS: Message sent to pm-node-ecommerce-app:0
[2025-09-15 12:54:48] SUCCESS: Message sent to pm-python-ml-pipeline:0
[2025-09-15 12:55:04] ERROR: Failed to send to proj-node-ecommerce-app - window does not exist
[2025-09-15 12:56:04] ERROR: Failed to send to proj-node-ecommerce-app - window does not exist
[2025-09-15 12:56:48] SENDING to pm-node-ecommerce-app:0: DEVOPS REPORT: Deployment=2/4, Health=GOOD, Cycle=119
[2025-09-15 12:56:48] SENDING to pm-python-ml-pipeline:0: DEVOPS REPORT: Deployment=3/4, Health=GOOD, Cycle=119
[2025-09-15 12:56:49] SUCCESS: Message sent to pm-python-ml-pipeline:0
[2025-09-15 12:56:49] SUCCESS: Message sent to pm-node-ecommerce-app:0
[2025-09-15 12:57:04] ERROR: Failed to send to proj-node-ecommerce-app - window does not exist
[2025-09-15 12:58:04] ERROR: Failed to send to proj-node-ecommerce-app - window does not exist
[2025-09-15 12:58:49] SENDING to pm-node-ecommerce-app:0: DEVOPS REPORT: Deployment=2/4, Health=GOOD, Cycle=120
[2025-09-15 12:58:49] SENDING to pm-python-ml-pipeline:0: DEVOPS REPORT: Deployment=3/4, Health=GOOD, Cycle=120
[2025-09-15 12:58:50] SUCCESS: Message sent to pm-node-ecommerce-app:0
[2025-09-15 12:58:50] SUCCESS: Message sent to pm-python-ml-pipeline:0
[2025-09-15 12:59:05] ERROR: Failed to send to proj-node-ecommerce-app - window does not exist
[2025-09-15 13:00:04] SENDING to proj-node-ecommerce-app:0:  PRODUCTIVITY CHECK-IN (13:00)

 Quick Status Reminder:
- Have you made a git commit in the last 30 minutes?
- Are you actively developing features?
- Any blockers that need specific technical help?

 Keep up the autonomous development!
Next expected commit: 13:30

Continue your excellent work! 
[2025-09-15 13:00:04] SUCCESS: Message sent to proj-node-ecommerce-app:0
[2025-09-15 13:00:04] SENDING to proj-python-ml-pipeline:0:  PRODUCTIVITY CHECK-IN (13:00)

 Quick Status Reminder:
- Have you made a git commit in the last 30 minutes?
- Are you actively developing features?
- Any blockers that need specific technical help?

 Keep up the autonomous development!
Next expected commit: 13:30

Continue your excellent work! 
[2025-09-15 13:00:05] SUCCESS: Message sent to proj-python-ml-pipeline:0
[2025-09-15 13:00:05] ERROR: Failed to send to proj-node-ecommerce-app - window does not exist
[2025-09-15 13:00:35] SENDING to proj-node-ecommerce-app:0:  PRODUCTIVITY CHECK-IN (13:00)

 Quick Status Reminder:
- Have you made a git commit in the last 30 minutes?
- Are you actively developing features?
- Any blockers that need specific technical help?

 Keep up the autonomous development!
Next expected commit: 13:30

Continue your excellent work! 
[2025-09-15 13:00:35] SUCCESS: Message sent to proj-node-ecommerce-app:0
[2025-09-15 13:00:35] SENDING to proj-python-ml-pipeline:0:  PRODUCTIVITY CHECK-IN (13:00)

 Quick Status Reminder:
- Have you made a git commit in the last 30 minutes?
- Are you actively developing features?
- Any blockers that need specific technical help?

 Keep up the autonomous development!
Next expected commit: 13:30

Continue your excellent work! 
[2025-09-15 13:00:36] SUCCESS: Message sent to proj-python-ml-pipeline:0
[2025-09-15 13:00:50] SENDING to pm-node-ecommerce-app:0: DEVOPS REPORT: Deployment=2/4, Health=GOOD, Cycle=121
[2025-09-15 13:00:50] SENDING to pm-python-ml-pipeline:0: DEVOPS REPORT: Deployment=3/4, Health=GOOD, Cycle=121
[2025-09-15 13:00:50] SUCCESS: Message sent to pm-node-ecommerce-app:0
[2025-09-15 13:00:50] SUCCESS: Message sent to pm-python-ml-pipeline:0
[2025-09-15 13:01:05] ERROR: Failed to send to proj-node-ecommerce-app - window does not exist
[2025-09-15 13:02:05] ERROR: Failed to send to proj-node-ecommerce-app - window does not exist
[2025-09-15 13:02:50] SENDING to pm-node-ecommerce-app:0: DEVOPS REPORT: Deployment=2/4, Health=GOOD, Cycle=122
[2025-09-15 13:02:50] SENDING to pm-python-ml-pipeline:0: DEVOPS REPORT: Deployment=3/4, Health=GOOD, Cycle=122
[2025-09-15 13:02:51] SUCCESS: Message sent to pm-python-ml-pipeline:0
[2025-09-15 13:02:51] SUCCESS: Message sent to pm-node-ecommerce-app:0
[2025-09-15 13:03:06] ERROR: Failed to send to proj-node-ecommerce-app - window does not exist
[2025-09-15 13:04:06] ERROR: Failed to send to proj-node-ecommerce-app - window does not exist
[2025-09-15 13:04:51] SENDING to pm-python-ml-pipeline:0: DEVOPS REPORT: Deployment=3/4, Health=GOOD, Cycle=123
[2025-09-15 13:04:51] SENDING to pm-node-ecommerce-app:0: DEVOPS REPORT: Deployment=2/4, Health=GOOD, Cycle=123
[2025-09-15 13:04:51] SUCCESS: Message sent to pm-python-ml-pipeline:0
[2025-09-15 13:04:51] SUCCESS: Message sent to pm-node-ecommerce-app:0
[2025-09-15 13:05:06] ERROR: Failed to send to proj-node-ecommerce-app - window does not exist
[2025-09-15 13:06:07] ERROR: Failed to send to proj-node-ecommerce-app - window does not exist
[2025-09-15 13:06:51] SENDING to pm-python-ml-pipeline:0: DEVOPS REPORT: Deployment=3/4, Health=GOOD, Cycle=124
[2025-09-15 13:06:51] SENDING to pm-node-ecommerce-app:0: DEVOPS REPORT: Deployment=2/4, Health=GOOD, Cycle=124
[2025-09-15 13:06:52] SUCCESS: Message sent to pm-node-ecommerce-app:0
[2025-09-15 13:06:52] SUCCESS: Message sent to pm-python-ml-pipeline:0
[2025-09-15 13:07:07] ERROR: Failed to send to proj-node-ecommerce-app - window does not exist
[2025-09-15 13:08:07] ERROR: Failed to send to proj-node-ecommerce-app - window does not exist
[2025-09-15 13:08:52] SENDING to pm-node-ecommerce-app:0: DEVOPS REPORT: Deployment=2/4, Health=GOOD, Cycle=125
[2025-09-15 13:08:52] SENDING to pm-python-ml-pipeline:0: DEVOPS REPORT: Deployment=3/4, Health=GOOD, Cycle=125
[2025-09-15 13:08:52] SUCCESS: Message sent to pm-node-ecommerce-app:0
[2025-09-15 13:08:52] SUCCESS: Message sent to pm-python-ml-pipeline:0
[2025-09-15 13:09:07] ERROR: Failed to send to proj-node-ecommerce-app - window does not exist
[2025-09-15 13:10:08] ERROR: Failed to send to proj-node-ecommerce-app - window does not exist
